Using pre-set license
Built from '2021.2/staging' branch; Version is '2021.2.3f1 (32358a8527b4) revision 3290506'; Using compiler version '192829333'; Build Type 'Release'
OS: 'Windows 10 Pro; OS build 19043.1348; Version 2009; 64bit' Language: 'en' Physical Memory: 16324 MB
BatchMode: 1, IsHumanControllingUs: 0, StartBugReporterOnCrash: 0, Is64bit: 1, IsPro: 0

COMMAND LINE ARGUMENTS:
C:\Program Files\Unity\Hub\Editor\2021.2.3f1\Editor\Unity.exe
-adb2
-batchMode
-noUpm
-name
AssetImportWorker2
-projectPath
C:/Users/harofax/Downloads/gamedev/unityprojects/Aquariox-MKX2000
-logFile
Logs/AssetImportWorker2.log
-srvPort
52482
Successfully changed project path to: C:/Users/harofax/Downloads/gamedev/unityprojects/Aquariox-MKX2000
C:/Users/harofax/Downloads/gamedev/unityprojects/Aquariox-MKX2000
[UnityMemory] Configuration Parameters - Can be set up in boot.config
    "memorysetup-bucket-allocator-granularity=16"
    "memorysetup-bucket-allocator-bucket-count=8"
    "memorysetup-bucket-allocator-block-size=33554432"
    "memorysetup-bucket-allocator-block-count=8"
    "memorysetup-main-allocator-block-size=16777216"
    "memorysetup-thread-allocator-block-size=16777216"
    "memorysetup-gfx-main-allocator-block-size=16777216"
    "memorysetup-gfx-thread-allocator-block-size=16777216"
    "memorysetup-cache-allocator-block-size=4194304"
    "memorysetup-typetree-allocator-block-size=2097152"
    "memorysetup-profiler-bucket-allocator-granularity=16"
    "memorysetup-profiler-bucket-allocator-bucket-count=8"
    "memorysetup-profiler-bucket-allocator-block-size=33554432"
    "memorysetup-profiler-bucket-allocator-block-count=8"
    "memorysetup-profiler-allocator-block-size=16777216"
    "memorysetup-profiler-editor-allocator-block-size=1048576"
    "memorysetup-temp-allocator-size-main=16777216"
    "memorysetup-job-temp-allocator-block-size=2097152"
    "memorysetup-job-temp-allocator-block-size-background=1048576"
    "memorysetup-job-temp-allocator-reduction-small-platforms=262144"
    "memorysetup-temp-allocator-size-background-worker=32768"
    "memorysetup-temp-allocator-size-job-worker=262144"
    "memorysetup-temp-allocator-size-preload-manager=33554432"
    "memorysetup-temp-allocator-size-nav-mesh-worker=65536"
    "memorysetup-temp-allocator-size-audio-worker=65536"
    "memorysetup-temp-allocator-size-cloud-worker=32768"
    "memorysetup-temp-allocator-size-gi-baking-worker=262144"
    "memorysetup-temp-allocator-size-gfx=262144"
Refreshing native plugins compatible for Editor in 84.78 ms, found 3 plugins.
Preloading 0 native plugins for Editor in 0.00 ms.
Initialize engine version: 2021.2.3f1 (32358a8527b4)
[Subsystems] Discovering subsystems at path C:/Program Files/Unity/Hub/Editor/2021.2.3f1/Editor/Data/Resources/UnitySubsystems
[Subsystems] Discovering subsystems at path C:/Users/harofax/Downloads/gamedev/unityprojects/Aquariox-MKX2000/Assets
GfxDevice: creating device client; threaded=0; jobified=0
Direct3D:
    Version:  Direct3D 11.0 [level 11.1]
    Renderer: NVIDIA GeForce GTX 1080 (ID=0x1b80)
    Vendor:   NVIDIA
    VRAM:     8079 MB
    Driver:   30.0.14.9676
Initialize mono
Mono path[0] = 'C:/Program Files/Unity/Hub/Editor/2021.2.3f1/Editor/Data/Managed'
Mono path[1] = 'C:/Program Files/Unity/Hub/Editor/2021.2.3f1/Editor/Data/MonoBleedingEdge/lib/mono/unityjit-win32'
Mono config path = 'C:/Program Files/Unity/Hub/Editor/2021.2.3f1/Editor/Data/MonoBleedingEdge/etc'
Using monoOptions --debugger-agent=transport=dt_socket,embedding=1,server=y,suspend=n,address=127.0.0.1:56084
Begin MonoManager ReloadAssembly
Registering precompiled unity dll's ...
Register platform support module: C:/Program Files/Unity/Hub/Editor/2021.2.3f1/Editor/Data/PlaybackEngines/WindowsStandaloneSupport/UnityEditor.WindowsStandalone.Extensions.dll
Registered in 0.006066 seconds.
Native extension for WindowsStandalone target not found
Refreshing native plugins compatible for Editor in 84.69 ms, found 3 plugins.
Preloading 0 native plugins for Editor in 0.00 ms.
Mono: successfully reloaded assembly
- Completed reload, in  0.611 seconds
Domain Reload Profiling:
	ReloadAssembly (612ms)
		BeginReloadAssembly (74ms)
			ExecutionOrderSort (0ms)
			DisableScriptedObjects (0ms)
			BackupInstance (0ms)
			ReleaseScriptingObjects (0ms)
			CreateAndSetChildDomain (1ms)
		EndReloadAssembly (464ms)
			LoadAssemblies (72ms)
			RebuildTransferFunctionScriptingTraits (0ms)
			SetupTypeCache (92ms)
			ReleaseScriptCaches (0ms)
			RebuildScriptCaches (28ms)
			SetupLoadedEditorAssemblies (296ms)
				LogAssemblyErrors (0ms)
				InitializePlatformSupportModulesInManaged (14ms)
				SetLoadedEditorAssemblies (0ms)
				RefreshPlugins (85ms)
				BeforeProcessingInitializeOnLoad (1ms)
				ProcessInitializeOnLoadAttributes (152ms)
				ProcessInitializeOnLoadMethodAttributes (44ms)
				AfterProcessingInitializeOnLoad (0ms)
				EditorAssembliesLoaded (0ms)
			ExecutionOrderSort2 (0ms)
			AwakeInstancesAfterBackupRestoration (0ms)
Platform modules already initialized, skipping
Registering precompiled user dll's ...
Registered in 0.007597 seconds.
Begin MonoManager ReloadAssembly
Native extension for WindowsStandalone target not found
Refreshing native plugins compatible for Editor in 93.09 ms, found 3 plugins.
Preloading 0 native plugins for Editor in 0.00 ms.
Mono: successfully reloaded assembly
- Completed reload, in  1.763 seconds
Domain Reload Profiling:
	ReloadAssembly (1764ms)
		BeginReloadAssembly (167ms)
			ExecutionOrderSort (0ms)
			DisableScriptedObjects (5ms)
			BackupInstance (0ms)
			ReleaseScriptingObjects (0ms)
			CreateAndSetChildDomain (18ms)
		EndReloadAssembly (1507ms)
			LoadAssemblies (88ms)
			RebuildTransferFunctionScriptingTraits (0ms)
			SetupTypeCache (258ms)
			ReleaseScriptCaches (1ms)
			RebuildScriptCaches (50ms)
			SetupLoadedEditorAssemblies (1021ms)
				LogAssemblyErrors (0ms)
				InitializePlatformSupportModulesInManaged (10ms)
				SetLoadedEditorAssemblies (0ms)
				RefreshPlugins (93ms)
				BeforeProcessingInitializeOnLoad (94ms)
				ProcessInitializeOnLoadAttributes (796ms)
				ProcessInitializeOnLoadMethodAttributes (21ms)
				AfterProcessingInitializeOnLoad (7ms)
				EditorAssembliesLoaded (0ms)
			ExecutionOrderSort2 (0ms)
			AwakeInstancesAfterBackupRestoration (5ms)
Platform modules already initialized, skipping
========================================================================
Worker process is ready to serve import requests
Launched and connected shader compiler UnityShaderCompiler.exe after 0.08 seconds
Refreshing native plugins compatible for Editor in 0.51 ms, found 3 plugins.
Preloading 0 native plugins for Editor in 0.00 ms.
Unloading 4030 Unused Serialized files (Serialized files now loaded: 0)
Unloading 34 unused Assets / (111.7 KB). Loaded Objects now: 4488.
Memory consumption went from 158.9 MB to 158.8 MB.
Total: 3.724600 ms (FindLiveObjects: 0.395900 ms CreateObjectMapping: 0.231700 ms MarkObjects: 3.018000 ms  DeleteObjects: 0.078100 ms)

AssetImportParameters requested are different than current active one (requested -> active):
  custom:video-decoder-ogg-theora: a1e56fd34408186e4bbccfd4996cb3dc -> 
  custom:container-muxer-webm: aa71ff27fc2769a1b78a27578f13a17b -> 
  custom:container-demuxer-webm: 4f35f7cbe854078d1ac9338744f61a02 -> 
  custom:video-encoder-webm-vp8: eb34c28f22e8b96e1ab97ce403110664 -> 
  custom:audio-encoder-webm-vorbis: bf7c407c2cedff20999df2af8eb42d56 -> 
  custom:framework-win-MediaFoundation: 216162199b28c13a410421893ffa2e32 -> 
  custom:container-demuxer-ogg: 62fdf1f143b41e24485cea50d1cbac27 -> 
  custom:video-decoder-webm-vp8: 9c59270c3fd7afecdb556c50c9e8de78 -> 
  custom:audio-decoder-ogg-vorbis: bf7c407c2cedff20999df2af8eb42d56 -> 
========================================================================
Received Import Request.
  Time since last request: 595700.593363 seconds.
  path: Assets/art/3d/fish/perch/perch_norm.png
  artifactKey: Guid(fe399d090e2d1794792768a5f304163d) Importer(815301076,1909f56bfc062723c751e8b465ee728b)
Start importing Assets/art/3d/fish/perch/perch_norm.png using Guid(fe399d090e2d1794792768a5f304163d) Importer(815301076,1909f56bfc062723c751e8b465ee728b)  -> (artifact id: 'e662bd54a69576ee18268024cf500f90') in 0.098003 seconds 
========================================================================
Received Import Request.
  Time since last request: 24.950412 seconds.
  path: Assets/art/3d/fish/perch/perch_norm.png
  artifactKey: Guid(fe399d090e2d1794792768a5f304163d) Importer(815301076,1909f56bfc062723c751e8b465ee728b)
Start importing Assets/art/3d/fish/perch/perch_norm.png using Guid(fe399d090e2d1794792768a5f304163d) Importer(815301076,1909f56bfc062723c751e8b465ee728b)  -> (artifact id: '195dba92a238e43aede16ed7f40662dc') in 0.011846 seconds 
========================================================================
Received Import Request.
  Time since last request: 5.799569 seconds.
  path: Assets/art/3d/fish/perch/perch_norm.png
  artifactKey: Guid(fe399d090e2d1794792768a5f304163d) Importer(815301076,1909f56bfc062723c751e8b465ee728b)
Start importing Assets/art/3d/fish/perch/perch_norm.png using Guid(fe399d090e2d1794792768a5f304163d) Importer(815301076,1909f56bfc062723c751e8b465ee728b)  -> (artifact id: 'e5153301144563677a6d3ec8b8ffb176') in 0.010221 seconds 
========================================================================
Received Import Request.
  Time since last request: 9.881910 seconds.
  path: Assets/art/environment/water/water.mat
  artifactKey: Guid(e71288e40c9dea54590a6a0860dab6b1) Importer(815301076,1909f56bfc062723c751e8b465ee728b)
Start importing Assets/art/environment/water/water.mat using Guid(e71288e40c9dea54590a6a0860dab6b1) Importer(815301076,1909f56bfc062723c751e8b465ee728b)  -> (artifact id: '45f6884d452ae3eedd1692add9d5e18e') in 0.050222 seconds 
========================================================================
Received Import Request.
  Time since last request: 98.054494 seconds.
  path: Assets/art/3d/fish/perch/perch_norm (1).png
  artifactKey: Guid(169ed33d21d14174fb4e06fe2b587376) Importer(815301076,1909f56bfc062723c751e8b465ee728b)
Start importing Assets/art/3d/fish/perch/perch_norm (1).png using Guid(169ed33d21d14174fb4e06fe2b587376) Importer(815301076,1909f56bfc062723c751e8b465ee728b)  -> (artifact id: '11dfd53381dce36109e0da4835021146') in 0.012451 seconds 
========================================================================
Received Import Request.
  Time since last request: 9.062095 seconds.
  path: Assets/art/3d/fish/perch/perch_norm (1).png
  artifactKey: Guid(169ed33d21d14174fb4e06fe2b587376) Importer(815301076,1909f56bfc062723c751e8b465ee728b)
Start importing Assets/art/3d/fish/perch/perch_norm (1).png using Guid(169ed33d21d14174fb4e06fe2b587376) Importer(815301076,1909f56bfc062723c751e8b465ee728b)  -> (artifact id: 'ec8222fcd4f7d3f8765b2a7c8f46a1c1') in 0.010413 seconds 
========================================================================
Received Import Request.
  Time since last request: 207.092209 seconds.
  path: Assets/art/3d/fish/perch/perch_bump.png
  artifactKey: Guid(6d8db489e8f9b3d4d88abbb49f136442) Importer(815301076,1909f56bfc062723c751e8b465ee728b)
Start importing Assets/art/3d/fish/perch/perch_bump.png using Guid(6d8db489e8f9b3d4d88abbb49f136442) Importer(815301076,1909f56bfc062723c751e8b465ee728b)  -> (artifact id: 'bfad310ac7ffe36c0a5df2c89971b437') in 0.016735 seconds 
========================================================================
Received Import Request.
  Time since last request: 98.888147 seconds.
  path: Assets/art/3d/fish/perch/perch_bump (1).png
  artifactKey: Guid(03f8a6c65b15c734cb7c6e84e41f32f9) Importer(815301076,1909f56bfc062723c751e8b465ee728b)
Start importing Assets/art/3d/fish/perch/perch_bump (1).png using Guid(03f8a6c65b15c734cb7c6e84e41f32f9) Importer(815301076,1909f56bfc062723c751e8b465ee728b)  -> (artifact id: 'bb4cdf83cc38192a3a69638cda9d3662') in 0.012997 seconds 
========================================================================
Received Import Request.
  Time since last request: 201.988920 seconds.
  path: Assets/art/3d/fish/mullet/mullet_bump.png
  artifactKey: Guid(04f7e9ab3e2410043a3d62026fe8d731) Importer(815301076,1909f56bfc062723c751e8b465ee728b)
Start importing Assets/art/3d/fish/mullet/mullet_bump.png using Guid(04f7e9ab3e2410043a3d62026fe8d731) Importer(815301076,1909f56bfc062723c751e8b465ee728b)  -> (artifact id: 'd9f55d44b00eab9e6bf9d98dafa93eed') in 0.014641 seconds 
========================================================================
Received Import Request.
  Time since last request: 5.843389 seconds.
  path: Assets/art/3d/fish/mullet/mullet_bump.png
  artifactKey: Guid(04f7e9ab3e2410043a3d62026fe8d731) Importer(815301076,1909f56bfc062723c751e8b465ee728b)
Start importing Assets/art/3d/fish/mullet/mullet_bump.png using Guid(04f7e9ab3e2410043a3d62026fe8d731) Importer(815301076,1909f56bfc062723c751e8b465ee728b)  -> (artifact id: '161e83c3c07737e0e47118e37815f4a1') in 0.012964 seconds 
========================================================================
Received Import Request.
  Time since last request: 57.047728 seconds.
  path: Assets/art/3d/fish/goldfish/gf_bump.png
  artifactKey: Guid(33dc44e3374a5f54a81c75dfe68698d6) Importer(815301076,1909f56bfc062723c751e8b465ee728b)
Start importing Assets/art/3d/fish/goldfish/gf_bump.png using Guid(33dc44e3374a5f54a81c75dfe68698d6) Importer(815301076,1909f56bfc062723c751e8b465ee728b)  -> (artifact id: '1adeb969cd253bfe29dac5cb04232da4') in 0.011339 seconds 
========================================================================
Received Import Request.
  Time since last request: 8.359914 seconds.
  path: Assets/art/3d/fish/goldfish/gf_bump.png
  artifactKey: Guid(33dc44e3374a5f54a81c75dfe68698d6) Importer(815301076,1909f56bfc062723c751e8b465ee728b)
Start importing Assets/art/3d/fish/goldfish/gf_bump.png using Guid(33dc44e3374a5f54a81c75dfe68698d6) Importer(815301076,1909f56bfc062723c751e8b465ee728b)  -> (artifact id: '2c929a60f229ab0a600d993a434ace5c') in 0.013057 seconds 
========================================================================
Received Import Request.
  Time since last request: 74.728897 seconds.
  path: Assets/art/3d/fish/goldfish/mullno.png
  artifactKey: Guid(025ca071309c9094fa4cc916b8e75b9b) Importer(815301076,1909f56bfc062723c751e8b465ee728b)
Start importing Assets/art/3d/fish/goldfish/mullno.png using Guid(025ca071309c9094fa4cc916b8e75b9b) Importer(815301076,1909f56bfc062723c751e8b465ee728b)  -> (artifact id: 'add0d87d51c553e4dab2caf85c4034d3') in 0.014509 seconds 
========================================================================
Received Import Request.
  Time since last request: 9.385131 seconds.
  path: Assets/art/3d/fish/mullet/mullno.png
  artifactKey: Guid(025ca071309c9094fa4cc916b8e75b9b) Importer(815301076,1909f56bfc062723c751e8b465ee728b)
Start importing Assets/art/3d/fish/mullet/mullno.png using Guid(025ca071309c9094fa4cc916b8e75b9b) Importer(815301076,1909f56bfc062723c751e8b465ee728b)  -> (artifact id: '46b758397ee287a12fc496b89ed8486d') in 0.010207 seconds 
========================================================================
Received Import Request.
  Time since last request: 94.549539 seconds.
  path: Assets/art/3d/fish/goldfish/biggold_fish_rigged.fbx
  artifactKey: Guid(026dce66aee3ab84baadb265899a4604) Importer(815301076,1909f56bfc062723c751e8b465ee728b)
Start importing Assets/art/3d/fish/goldfish/biggold_fish_rigged.fbx using Guid(026dce66aee3ab84baadb265899a4604) Importer(815301076,1909f56bfc062723c751e8b465ee728b)  -> (artifact id: 'd4310800500a3c50276e4b393314fc99') in 0.068586 seconds 
========================================================================
Received Import Request.
  Time since last request: 64.623243 seconds.
  path: Assets/art/environment/glass/glassnormal.jpg
  artifactKey: Guid(4fbc69f6f1b600445aa16064a737dabd) Importer(815301076,1909f56bfc062723c751e8b465ee728b)
Start importing Assets/art/environment/glass/glassnormal.jpg using Guid(4fbc69f6f1b600445aa16064a737dabd) Importer(815301076,1909f56bfc062723c751e8b465ee728b)  -> (artifact id: '657cb68fea55b7f43c1b50f606f24829') in 0.017599 seconds 
========================================================================
Received Import Request.
  Time since last request: 9.469283 seconds.
  path: Assets/art/environment/glass/glassnormal.jpg
  artifactKey: Guid(4fbc69f6f1b600445aa16064a737dabd) Importer(815301076,1909f56bfc062723c751e8b465ee728b)
Start importing Assets/art/environment/glass/glassnormal.jpg using Guid(4fbc69f6f1b600445aa16064a737dabd) Importer(815301076,1909f56bfc062723c751e8b465ee728b)  -> (artifact id: 'b9e88f6b52ec93dd92eac0aade4c217b') in 0.013124 seconds 
========================================================================
Received Import Request.
  Time since last request: 79.762862 seconds.
  path: Assets/art/environment/glass/glass-normal.jpg
  artifactKey: Guid(dd98962edcc8d394cb30ddbe980cfb3d) Importer(815301076,1909f56bfc062723c751e8b465ee728b)
Start importing Assets/art/environment/glass/glass-normal.jpg using Guid(dd98962edcc8d394cb30ddbe980cfb3d) Importer(815301076,1909f56bfc062723c751e8b465ee728b)  -> (artifact id: '9b1890a0c82c3bb69d500961adb27ed2') in 0.017862 seconds 
========================================================================
Received Import Request.
  Time since last request: 23.584959 seconds.
  path: Assets/art/environment/glass/glass-normal.jpg
  artifactKey: Guid(dd98962edcc8d394cb30ddbe980cfb3d) Importer(815301076,1909f56bfc062723c751e8b465ee728b)
Start importing Assets/art/environment/glass/glass-normal.jpg using Guid(dd98962edcc8d394cb30ddbe980cfb3d) Importer(815301076,1909f56bfc062723c751e8b465ee728b)  -> (artifact id: '0db7f0619640c6cd5ae9a5b376f075b1') in 0.018233 seconds 
========================================================================
Received Import Request.
  Time since last request: 41.098310 seconds.
  path: Assets/art/environment/glass/glassbroknorml.jpg
  artifactKey: Guid(5a40903a41b87bf4ba56074350c41f0b) Importer(815301076,1909f56bfc062723c751e8b465ee728b)
Start importing Assets/art/environment/glass/glassbroknorml.jpg using Guid(5a40903a41b87bf4ba56074350c41f0b) Importer(815301076,1909f56bfc062723c751e8b465ee728b)  -> (artifact id: 'e5d48cb1c6b09d30500544e87ff5b103') in 0.017116 seconds 
========================================================================
Received Import Request.
  Time since last request: 4.967487 seconds.
  path: Assets/art/environment/glass/glassbroknorml.jpg
  artifactKey: Guid(5a40903a41b87bf4ba56074350c41f0b) Importer(815301076,1909f56bfc062723c751e8b465ee728b)
Start importing Assets/art/environment/glass/glassbroknorml.jpg using Guid(5a40903a41b87bf4ba56074350c41f0b) Importer(815301076,1909f56bfc062723c751e8b465ee728b)  -> (artifact id: 'd7ae0a3126d144afb6763ed0ab5bfb12') in 0.011069 seconds 
========================================================================
Received Prepare
Registering precompiled user dll's ...
Registered in 0.007455 seconds.
Begin MonoManager ReloadAssembly
Native extension for WindowsStandalone target not found
Refreshing native plugins compatible for Editor in 0.58 ms, found 3 plugins.
Preloading 0 native plugins for Editor in 0.00 ms.
Mono: successfully reloaded assembly
- Completed reload, in  1.270 seconds
Domain Reload Profiling:
	ReloadAssembly (1270ms)
		BeginReloadAssembly (156ms)
			ExecutionOrderSort (0ms)
			DisableScriptedObjects (4ms)
			BackupInstance (0ms)
			ReleaseScriptingObjects (0ms)
			CreateAndSetChildDomain (49ms)
		EndReloadAssembly (1019ms)
			LoadAssemblies (84ms)
			RebuildTransferFunctionScriptingTraits (0ms)
			SetupTypeCache (274ms)
			ReleaseScriptCaches (1ms)
			RebuildScriptCaches (51ms)
			SetupLoadedEditorAssemblies (478ms)
				LogAssemblyErrors (0ms)
				InitializePlatformSupportModulesInManaged (10ms)
				SetLoadedEditorAssemblies (0ms)
				RefreshPlugins (1ms)
				BeforeProcessingInitializeOnLoad (73ms)
				ProcessInitializeOnLoadAttributes (366ms)
				ProcessInitializeOnLoadMethodAttributes (20ms)
				AfterProcessingInitializeOnLoad (7ms)
				EditorAssembliesLoaded (0ms)
			ExecutionOrderSort2 (0ms)
			AwakeInstancesAfterBackupRestoration (13ms)
Platform modules already initialized, skipping
Refreshing native plugins compatible for Editor in 0.60 ms, found 3 plugins.
Preloading 0 native plugins for Editor in 0.00 ms.
Unloading 4016 Unused Serialized files (Serialized files now loaded: 0)
Unloading 27 unused Assets / (78.6 KB). Loaded Objects now: 4810.
Memory consumption went from 183.5 MB to 183.4 MB.
Total: 2.827400 ms (FindLiveObjects: 0.301100 ms CreateObjectMapping: 0.239000 ms MarkObjects: 2.221300 ms  DeleteObjects: 0.065100 ms)

AssetImportParameters requested are different than current active one (requested -> active):
  custom:video-decoder-ogg-theora: a1e56fd34408186e4bbccfd4996cb3dc -> 
  custom:container-muxer-webm: aa71ff27fc2769a1b78a27578f13a17b -> 
  custom:container-demuxer-webm: 4f35f7cbe854078d1ac9338744f61a02 -> 
  custom:video-encoder-webm-vp8: eb34c28f22e8b96e1ab97ce403110664 -> 
  custom:audio-encoder-webm-vorbis: bf7c407c2cedff20999df2af8eb42d56 -> 
  custom:framework-win-MediaFoundation: 216162199b28c13a410421893ffa2e32 -> 
  custom:container-demuxer-ogg: 62fdf1f143b41e24485cea50d1cbac27 -> 
  custom:video-decoder-webm-vp8: 9c59270c3fd7afecdb556c50c9e8de78 -> 
  custom:audio-decoder-ogg-vorbis: bf7c407c2cedff20999df2af8eb42d56 -> 
========================================================================
Received Import Request.
  Time since last request: 182.004857 seconds.
  path: Assets/art/environment/glass/scratchyglass.jpg
  artifactKey: Guid(1ed6c7985730b3644ac49d5bde7e6912) Importer(815301076,1909f56bfc062723c751e8b465ee728b)
Start importing Assets/art/environment/glass/scratchyglass.jpg using Guid(1ed6c7985730b3644ac49d5bde7e6912) Importer(815301076,1909f56bfc062723c751e8b465ee728b)  -> (artifact id: '7febcfd1e560b99a8edd70e3dafef2f9') in 0.056185 seconds 
========================================================================
Received Import Request.
  Time since last request: 53.755090 seconds.
  path: Assets/art/environment/glass/scratsrgraass.jpg
  artifactKey: Guid(a3fc54ae18f0ac8498579f49e7b5bcca) Importer(815301076,1909f56bfc062723c751e8b465ee728b)
Start importing Assets/art/environment/glass/scratsrgraass.jpg using Guid(a3fc54ae18f0ac8498579f49e7b5bcca) Importer(815301076,1909f56bfc062723c751e8b465ee728b)  -> (artifact id: 'dd881e82db0ec75581254adcd53d8bda') in 0.013956 seconds 
========================================================================
Received Import Request.
  Time since last request: 10.679502 seconds.
  path: Assets/art/environment/glass/scratsrgraass.jpg
  artifactKey: Guid(a3fc54ae18f0ac8498579f49e7b5bcca) Importer(815301076,1909f56bfc062723c751e8b465ee728b)
Start importing Assets/art/environment/glass/scratsrgraass.jpg using Guid(a3fc54ae18f0ac8498579f49e7b5bcca) Importer(815301076,1909f56bfc062723c751e8b465ee728b)  -> (artifact id: '984a03474988a9b1defe3f7ecaaf61fe') in 0.016196 seconds 
========================================================================
Received Import Request.
  Time since last request: 5.651925 seconds.
  path: Assets/art/environment/glass/scratchyglass.jpg
  artifactKey: Guid(1ed6c7985730b3644ac49d5bde7e6912) Importer(815301076,1909f56bfc062723c751e8b465ee728b)
Start importing Assets/art/environment/glass/scratchyglass.jpg using Guid(1ed6c7985730b3644ac49d5bde7e6912) Importer(815301076,1909f56bfc062723c751e8b465ee728b)  -> (artifact id: '8885f0c8a467d71aa847a6fbd1feeb27') in 0.022586 seconds 
========================================================================
Received Import Request.
  Time since last request: 298.439639 seconds.
  path: Assets/art/environment/glass/7957-normal.jpg
  artifactKey: Guid(4c6172a2a750ef444b6e2edcd90f43fc) Importer(815301076,1909f56bfc062723c751e8b465ee728b)
Start importing Assets/art/environment/glass/7957-normal.jpg using Guid(4c6172a2a750ef444b6e2edcd90f43fc) Importer(815301076,1909f56bfc062723c751e8b465ee728b)  -> (artifact id: 'c40c6569dc60eead09c704b4919319dd') in 0.020271 seconds 
========================================================================
Received Import Request.
  Time since last request: 7.538243 seconds.
  path: Assets/art/environment/glass/7957-normal.jpg
  artifactKey: Guid(4c6172a2a750ef444b6e2edcd90f43fc) Importer(815301076,1909f56bfc062723c751e8b465ee728b)
Start importing Assets/art/environment/glass/7957-normal.jpg using Guid(4c6172a2a750ef444b6e2edcd90f43fc) Importer(815301076,1909f56bfc062723c751e8b465ee728b)  -> (artifact id: '849f6498af2e5badb4b2038d4c05d2f6') in 0.011738 seconds 
========================================================================
Received Import Request.
  Time since last request: 39.138641 seconds.
  path: Assets/art/environment/glass/Glass.mat
  artifactKey: Guid(6abf1fcd560d40946869bd90ed15f240) Importer(815301076,1909f56bfc062723c751e8b465ee728b)
Start importing Assets/art/environment/glass/Glass.mat using Guid(6abf1fcd560d40946869bd90ed15f240) Importer(815301076,1909f56bfc062723c751e8b465ee728b)  -> (artifact id: '161113f2a9c0fdc66f08f034e2b5a26a') in 0.050021 seconds 
========================================================================
Received Import Request.
  Time since last request: 78.528097 seconds.
  path: Assets/art/environment/glass/Glass.mat
  artifactKey: Guid(6abf1fcd560d40946869bd90ed15f240) Importer(815301076,1909f56bfc062723c751e8b465ee728b)
Start importing Assets/art/environment/glass/Glass.mat using Guid(6abf1fcd560d40946869bd90ed15f240) Importer(815301076,1909f56bfc062723c751e8b465ee728b)  -> (artifact id: '057b3ba74eb31a549685fe48d484fbfa') in 0.015626 seconds 
========================================================================
Received Import Request.
  Time since last request: 32.947979 seconds.
  path: Assets/art/environment/glass/Glass.mat
  artifactKey: Guid(6abf1fcd560d40946869bd90ed15f240) Importer(815301076,1909f56bfc062723c751e8b465ee728b)
Start importing Assets/art/environment/glass/Glass.mat using Guid(6abf1fcd560d40946869bd90ed15f240) Importer(815301076,1909f56bfc062723c751e8b465ee728b)  -> (artifact id: 'a473d02fab467d7c8140ab17c34a6865') in 0.015833 seconds 
========================================================================
Received Import Request.
  Time since last request: 324.924596 seconds.
  path: Assets/art/environment/glass/Glass.mat
  artifactKey: Guid(6abf1fcd560d40946869bd90ed15f240) Importer(815301076,1909f56bfc062723c751e8b465ee728b)
Start importing Assets/art/environment/glass/Glass.mat using Guid(6abf1fcd560d40946869bd90ed15f240) Importer(815301076,1909f56bfc062723c751e8b465ee728b)  -> (artifact id: 'd208395aa33e1f8af07d79cc70ee6bfb') in 0.012966 seconds 
========================================================================
Received Import Request.
  Time since last request: 727.131929 seconds.
  path: Assets/art/environment/glass/Glass.mat
  artifactKey: Guid(6abf1fcd560d40946869bd90ed15f240) Importer(815301076,1909f56bfc062723c751e8b465ee728b)
Start importing Assets/art/environment/glass/Glass.mat using Guid(6abf1fcd560d40946869bd90ed15f240) Importer(815301076,1909f56bfc062723c751e8b465ee728b)  -> (artifact id: '6b898124805e9dff719c4e806fb889d8') in 0.014748 seconds 
