Using pre-set license
Built from '2021.2/staging' branch; Version is '2021.2.3f1 (32358a8527b4) revision 3290506'; Using compiler version '192829333'; Build Type 'Release'
OS: 'Windows 10 Pro; OS build 19043.1348; Version 2009; 64bit' Language: 'en' Physical Memory: 16324 MB
BatchMode: 1, IsHumanControllingUs: 0, StartBugReporterOnCrash: 0, Is64bit: 1, IsPro: 0

COMMAND LINE ARGUMENTS:
C:\Program Files\Unity\Hub\Editor\2021.2.3f1\Editor\Unity.exe
-adb2
-batchMode
-noUpm
-name
AssetImportWorker0
-projectPath
C:/Users/harofax/Downloads/gamedev/unityprojects/Aquariox-MKX2000/Aquariox-MKX2000
-logFile
Logs/AssetImportWorker0.log
-srvPort
49314
Successfully changed project path to: C:/Users/harofax/Downloads/gamedev/unityprojects/Aquariox-MKX2000/Aquariox-MKX2000
C:/Users/harofax/Downloads/gamedev/unityprojects/Aquariox-MKX2000/Aquariox-MKX2000
[UnityMemory] Configuration Parameters - Can be set up in boot.config
    "memorysetup-bucket-allocator-granularity=16"
    "memorysetup-bucket-allocator-bucket-count=8"
    "memorysetup-bucket-allocator-block-size=33554432"
    "memorysetup-bucket-allocator-block-count=8"
    "memorysetup-main-allocator-block-size=16777216"
    "memorysetup-thread-allocator-block-size=16777216"
    "memorysetup-gfx-main-allocator-block-size=16777216"
    "memorysetup-gfx-thread-allocator-block-size=16777216"
    "memorysetup-cache-allocator-block-size=4194304"
    "memorysetup-typetree-allocator-block-size=2097152"
    "memorysetup-profiler-bucket-allocator-granularity=16"
    "memorysetup-profiler-bucket-allocator-bucket-count=8"
    "memorysetup-profiler-bucket-allocator-block-size=33554432"
    "memorysetup-profiler-bucket-allocator-block-count=8"
    "memorysetup-profiler-allocator-block-size=16777216"
    "memorysetup-profiler-editor-allocator-block-size=1048576"
    "memorysetup-temp-allocator-size-main=16777216"
    "memorysetup-job-temp-allocator-block-size=2097152"
    "memorysetup-job-temp-allocator-block-size-background=1048576"
    "memorysetup-job-temp-allocator-reduction-small-platforms=262144"
    "memorysetup-temp-allocator-size-background-worker=32768"
    "memorysetup-temp-allocator-size-job-worker=262144"
    "memorysetup-temp-allocator-size-preload-manager=33554432"
    "memorysetup-temp-allocator-size-nav-mesh-worker=65536"
    "memorysetup-temp-allocator-size-audio-worker=65536"
    "memorysetup-temp-allocator-size-cloud-worker=32768"
    "memorysetup-temp-allocator-size-gi-baking-worker=262144"
    "memorysetup-temp-allocator-size-gfx=262144"
Refreshing native plugins compatible for Editor in 126.54 ms, found 3 plugins.
Preloading 0 native plugins for Editor in 0.00 ms.
Initialize engine version: 2021.2.3f1 (32358a8527b4)
[Subsystems] Discovering subsystems at path C:/Program Files/Unity/Hub/Editor/2021.2.3f1/Editor/Data/Resources/UnitySubsystems
[Subsystems] Discovering subsystems at path C:/Users/harofax/Downloads/gamedev/unityprojects/Aquariox-MKX2000/Aquariox-MKX2000/Assets
GfxDevice: creating device client; threaded=0; jobified=0
Direct3D:
    Version:  Direct3D 11.0 [level 11.1]
    Renderer: NVIDIA GeForce GTX 1080 (ID=0x1b80)
    Vendor:   NVIDIA
    VRAM:     8079 MB
    Driver:   30.0.14.9676
Initialize mono
Mono path[0] = 'C:/Program Files/Unity/Hub/Editor/2021.2.3f1/Editor/Data/Managed'
Mono path[1] = 'C:/Program Files/Unity/Hub/Editor/2021.2.3f1/Editor/Data/MonoBleedingEdge/lib/mono/unityjit-win32'
Mono config path = 'C:/Program Files/Unity/Hub/Editor/2021.2.3f1/Editor/Data/MonoBleedingEdge/etc'
Using monoOptions --debugger-agent=transport=dt_socket,embedding=1,server=y,suspend=n,address=127.0.0.1:56412
Begin MonoManager ReloadAssembly
Registering precompiled unity dll's ...
Register platform support module: C:/Program Files/Unity/Hub/Editor/2021.2.3f1/Editor/Data/PlaybackEngines/WindowsStandaloneSupport/UnityEditor.WindowsStandalone.Extensions.dll
Registered in 0.006485 seconds.
Native extension for WindowsStandalone target not found
Refreshing native plugins compatible for Editor in 116.12 ms, found 3 plugins.
Preloading 0 native plugins for Editor in 0.00 ms.
Mono: successfully reloaded assembly
- Completed reload, in  0.641 seconds
Domain Reload Profiling:
	ReloadAssembly (641ms)
		BeginReloadAssembly (78ms)
			ExecutionOrderSort (0ms)
			DisableScriptedObjects (0ms)
			BackupInstance (0ms)
			ReleaseScriptingObjects (0ms)
			CreateAndSetChildDomain (1ms)
		EndReloadAssembly (483ms)
			LoadAssemblies (76ms)
			RebuildTransferFunctionScriptingTraits (0ms)
			SetupTypeCache (92ms)
			ReleaseScriptCaches (0ms)
			RebuildScriptCaches (27ms)
			SetupLoadedEditorAssemblies (317ms)
				LogAssemblyErrors (0ms)
				InitializePlatformSupportModulesInManaged (15ms)
				SetLoadedEditorAssemblies (0ms)
				RefreshPlugins (116ms)
				BeforeProcessingInitializeOnLoad (1ms)
				ProcessInitializeOnLoadAttributes (140ms)
				ProcessInitializeOnLoadMethodAttributes (44ms)
				AfterProcessingInitializeOnLoad (0ms)
				EditorAssembliesLoaded (0ms)
			ExecutionOrderSort2 (0ms)
			AwakeInstancesAfterBackupRestoration (0ms)
Platform modules already initialized, skipping
Registering precompiled user dll's ...
Registered in 0.007697 seconds.
Begin MonoManager ReloadAssembly
Symbol file LoadedFromMemory doesn't match image C:\Users\harofax\Downloads\gamedev\unityprojects\Aquariox-MKX2000\Aquariox-MKX2000\Library\PackageCache\com.unity.visualscripting@1.7.5\Editor\VisualScripting.Core\Dependencies\YamlDotNet\Unity.VisualScripting.YamlDotNet.dll
Symbol file LoadedFromMemory doesn't match image C:\Users\harofax\Downloads\gamedev\unityprojects\Aquariox-MKX2000\Aquariox-MKX2000\Library\PackageCache\com.unity.visualscripting@1.7.5\Editor\VisualScripting.Core\Dependencies\DotNetZip\Unity.VisualScripting.IonicZip.dll
Native extension for WindowsStandalone target not found
Refreshing native plugins compatible for Editor in 141.83 ms, found 3 plugins.
Preloading 0 native plugins for Editor in 0.00 ms.
Error saving file Library/StateCache/LayerSettings/9e/9ecc5c3c162a7aba29bafa64c8b94b7c.json. Error: System.IO.IOException: Sharing violation on path C:\Users\harofax\Downloads\gamedev\unityprojects\Aquariox-MKX2000\Aquariox-MKX2000\Library\StateCache\LayerSettings\9e\9ecc5c3c162a7aba29bafa64c8b94b7c.json
  at System.IO.FileStream..ctor (System.String path, System.IO.FileMode mode, System.IO.FileAccess access, System.IO.FileShare share, System.Int32 bufferSize, System.Boolean anonymous, System.IO.FileOptions options) [0x0019e] in <00c558282d074245ab3496e2d108079b>:0 
  at System.IO.FileStream..ctor (System.String path, System.IO.FileMode mode, System.IO.FileAccess access, System.IO.FileShare share, System.Int32 bufferSize, System.IO.FileOptions options) [0x00000] in <00c558282d074245ab3496e2d108079b>:0 
  at (wrapper remoting-invoke-with-check) System.IO.FileStream..ctor(string,System.IO.FileMode,System.IO.FileAccess,System.IO.FileShare,int,System.IO.FileOptions)
  at System.IO.StreamWriter..ctor (System.String path, System.Boolean append, System.Text.Encoding encoding, System.Int32 bufferSize) [0x00055] in <00c558282d074245ab3496e2d108079b>:0 
  at System.IO.StreamWriter..ctor (System.String path, System.Boolean append, System.Text.Encoding encoding) [0x00000] in <00c558282d074245ab3496e2d108079b>:0 
  at (wrapper remoting-invoke-with-check) System.IO.StreamWriter..ctor(string,bool,System.Text.Encoding)
  at System.IO.File.WriteAllText (System.String path, System.String contents, System.Text.Encoding encoding) [0x00034] in <00c558282d074245ab3496e2d108079b>:0 
  at UnityEditor.StateCache`1[T].SetState (UnityEngine.Hash128 key, T obj) [0x0004b] in <ba030cc3475e41258f58c8c467eb72e2>:0 
UnityEngine.StackTraceUtility:ExtractStackTrace ()
UnityEngine.DebugLogHandler:LogFormat (UnityEngine.LogType,UnityEngine.Object,string,object[])
UnityEngine.Logger:Log (UnityEngine.LogType,object)
UnityEngine.Debug:LogError (object)
UnityEditor.StateCache`1<UnityEditor.Tools/LayerSettings>:SetState (UnityEngine.Hash128,UnityEditor.Tools/LayerSettings)
UnityEditor.Tools:set_lockedLayers (int)
UnityEditor.Tools:OnEnable ()
UnityEngine.ScriptableObject:CreateInstance (System.Type)
UnityEngine.ScriptableObject:CreateInstance<UnityEditor.Tools> ()
UnityEditor.Tools:get_get ()
UnityEditor.Tools:get_visibleLayers ()
UnityEditor.Animations.Rigging.BoneRendererUtils:.cctor () (at Library/PackageCache/com.unity.animation.rigging@1.1.1/Editor/Utils/BoneRendererUtils.cs:121)
System.Runtime.CompilerServices.RuntimeHelpers:RunClassConstructor (System.RuntimeTypeHandle)
UnityEditor.EditorAssemblies:ProcessInitializeOnLoadAttributes (System.Type[])

(Filename: Library/PackageCache/com.unity.animation.rigging@1.1.1/Editor/Utils/BoneRendererUtils.cs Line: 121)

Mono: successfully reloaded assembly
- Completed reload, in  2.304 seconds
Domain Reload Profiling:
	ReloadAssembly (2305ms)
		BeginReloadAssembly (177ms)
			ExecutionOrderSort (0ms)
			DisableScriptedObjects (9ms)
			BackupInstance (0ms)
			ReleaseScriptingObjects (0ms)
			CreateAndSetChildDomain (19ms)
		EndReloadAssembly (2036ms)
			LoadAssemblies (99ms)
			RebuildTransferFunctionScriptingTraits (0ms)
			SetupTypeCache (335ms)
			ReleaseScriptCaches (1ms)
			RebuildScriptCaches (83ms)
			SetupLoadedEditorAssemblies (1421ms)
				LogAssemblyErrors (0ms)
				InitializePlatformSupportModulesInManaged (11ms)
				SetLoadedEditorAssemblies (0ms)
				RefreshPlugins (142ms)
				BeforeProcessingInitializeOnLoad (158ms)
				ProcessInitializeOnLoadAttributes (1052ms)
				ProcessInitializeOnLoadMethodAttributes (50ms)
				AfterProcessingInitializeOnLoad (8ms)
				EditorAssembliesLoaded (0ms)
			ExecutionOrderSort2 (0ms)
			AwakeInstancesAfterBackupRestoration (6ms)
Platform modules already initialized, skipping
========================================================================
Worker process is ready to serve import requests
Launched and connected shader compiler UnityShaderCompiler.exe after 0.08 seconds
Refreshing native plugins compatible for Editor in 0.80 ms, found 3 plugins.
Preloading 0 native plugins for Editor in 0.00 ms.
Unloading 6261 Unused Serialized files (Serialized files now loaded: 0)
Unloading 54 unused Assets / (3.8 MB). Loaded Objects now: 6727.
Memory consumption went from 302.0 MB to 298.2 MB.
Total: 3.983100 ms (FindLiveObjects: 0.420100 ms CreateObjectMapping: 0.423700 ms MarkObjects: 2.510200 ms  DeleteObjects: 0.628200 ms)

AssetImportParameters requested are different than current active one (requested -> active):
  custom:video-decoder-ogg-theora: a1e56fd34408186e4bbccfd4996cb3dc -> 
  custom:container-muxer-webm: aa71ff27fc2769a1b78a27578f13a17b -> 
  custom:container-demuxer-webm: 4f35f7cbe854078d1ac9338744f61a02 -> 
  custom:video-encoder-webm-vp8: eb34c28f22e8b96e1ab97ce403110664 -> 
  custom:audio-encoder-webm-vorbis: bf7c407c2cedff20999df2af8eb42d56 -> 
  custom:framework-win-MediaFoundation: 216162199b28c13a410421893ffa2e32 -> 
  custom:container-demuxer-ogg: 62fdf1f143b41e24485cea50d1cbac27 -> 
  custom:video-decoder-webm-vp8: 9c59270c3fd7afecdb556c50c9e8de78 -> 
  custom:audio-decoder-ogg-vorbis: bf7c407c2cedff20999df2af8eb42d56 -> 
========================================================================
Received Import Request.
  Time since last request: 365993.481392 seconds.
  path: Assets/prefab/loot/food/food_pill_prefab.prefab
  artifactKey: Guid(d6ae02123fa64164c8963cfae3e37c50) Importer(815301076,1909f56bfc062723c751e8b465ee728b)
Start importing Assets/prefab/loot/food/food_pill_prefab.prefab using Guid(d6ae02123fa64164c8963cfae3e37c50) Importer(815301076,1909f56bfc062723c751e8b465ee728b)  -> (artifact id: 'fcee6b9ca3a28c67675c82802c0a5841') in 0.793719 seconds 
========================================================================
Received Import Request.
  Time since last request: 77.721034 seconds.
  path: Assets/prefab/loot/baby fish/baby_mullet_prefab.prefab
  artifactKey: Guid(007350297261138429beed8941c710be) Importer(815301076,1909f56bfc062723c751e8b465ee728b)
Start importing Assets/prefab/loot/baby fish/baby_mullet_prefab.prefab using Guid(007350297261138429beed8941c710be) Importer(815301076,1909f56bfc062723c751e8b465ee728b) Tried select unknown importer for id '-2' '00000000000000000000000000000000'
 -> (artifact id: '2a18938f13e4945b0ead172983dd730f') in 0.083179 seconds 
========================================================================
Received Import Request.
  Time since last request: 40.881946 seconds.
  path: Assets/prefab/loot/coins
  artifactKey: Guid(623064ddcdea21c458ae433fae79a74e) Importer(815301076,1909f56bfc062723c751e8b465ee728b)
Start importing Assets/prefab/loot/coins using Guid(623064ddcdea21c458ae433fae79a74e) Importer(815301076,1909f56bfc062723c751e8b465ee728b)  -> (artifact id: '4bb0f6f2eacd6d0a34138a406e746b73') in 0.007514 seconds 
========================================================================
Received Import Request.
  Time since last request: 7.848265 seconds.
  path: Assets/prefab/loot/food
  artifactKey: Guid(52cc61f866a3de944b8bb760b2154f14) Importer(815301076,1909f56bfc062723c751e8b465ee728b)
Start importing Assets/prefab/loot/food using Guid(52cc61f866a3de944b8bb760b2154f14) Importer(815301076,1909f56bfc062723c751e8b465ee728b)  -> (artifact id: '3956d8a1621fa2a878825c72ddec976b') in 0.006071 seconds 
========================================================================
Received Import Request.
  Time since last request: 20.089464 seconds.
  path: Assets/prefab/loot/coins/smallCoin.prefab
  artifactKey: Guid(2e64145c7a34fba45af1e9404d95a6a2) Importer(815301076,1909f56bfc062723c751e8b465ee728b)
Start importing Assets/prefab/loot/coins/smallCoin.prefab using Guid(2e64145c7a34fba45af1e9404d95a6a2) Importer(815301076,1909f56bfc062723c751e8b465ee728b)  -> (artifact id: '86667758e5e06c98681ba4016e1b786b') in 0.028601 seconds 
========================================================================
Received Import Request.
  Time since last request: 1.605794 seconds.
  path: Assets/prefab/loot/coins/smallCoin 1.prefab
  artifactKey: Guid(829a95029fec777449b235ce28a5b242) Importer(815301076,1909f56bfc062723c751e8b465ee728b)
Start importing Assets/prefab/loot/coins/smallCoin 1.prefab using Guid(829a95029fec777449b235ce28a5b242) Importer(815301076,1909f56bfc062723c751e8b465ee728b)  -> (artifact id: '9f6448159fa3267b7cc6e5b7e5aaf6b3') in 0.022013 seconds 
========================================================================
Received Import Request.
  Time since last request: 8.612003 seconds.
  path: Assets/prefab/loot/coins/medium coin.prefab
  artifactKey: Guid(829a95029fec777449b235ce28a5b242) Importer(815301076,1909f56bfc062723c751e8b465ee728b)
Start importing Assets/prefab/loot/coins/medium coin.prefab using Guid(829a95029fec777449b235ce28a5b242) Importer(815301076,1909f56bfc062723c751e8b465ee728b)  -> (artifact id: '4e645c4dfb76bf35d2ba938fa324caa5') in 0.020472 seconds 
========================================================================
Received Import Request.
  Time since last request: 7.056421 seconds.
  path: Assets/prefab/loot/coins/small coin.prefab
  artifactKey: Guid(2e64145c7a34fba45af1e9404d95a6a2) Importer(815301076,1909f56bfc062723c751e8b465ee728b)
Start importing Assets/prefab/loot/coins/small coin.prefab using Guid(2e64145c7a34fba45af1e9404d95a6a2) Importer(815301076,1909f56bfc062723c751e8b465ee728b)  -> (artifact id: 'c5315586d8587e9799e602c9af6ca0ea') in 0.019318 seconds 
========================================================================
Received Import Request.
  Time since last request: 11.924260 seconds.
  path: Assets/prefab/loot/coins/small coin 1.prefab
  artifactKey: Guid(d7a4428f63633cb44b8cf5ea4de04a05) Importer(815301076,1909f56bfc062723c751e8b465ee728b)
Start importing Assets/prefab/loot/coins/small coin 1.prefab using Guid(d7a4428f63633cb44b8cf5ea4de04a05) Importer(815301076,1909f56bfc062723c751e8b465ee728b)  -> (artifact id: 'eb6fcb0dd0139f1c82a2f69c6eb64065') in 0.018707 seconds 
========================================================================
Received Import Request.
  Time since last request: 7.202135 seconds.
  path: Assets/prefab/loot/coins/large coin.prefab
  artifactKey: Guid(d7a4428f63633cb44b8cf5ea4de04a05) Importer(815301076,1909f56bfc062723c751e8b465ee728b)
Start importing Assets/prefab/loot/coins/large coin.prefab using Guid(d7a4428f63633cb44b8cf5ea4de04a05) Importer(815301076,1909f56bfc062723c751e8b465ee728b)  -> (artifact id: '9620d51117b9cd09dfb4801d23d3a551') in 0.021514 seconds 
========================================================================
Received Import Request.
  Time since last request: 7.108578 seconds.
  path: Assets/prefab/loot/coins/large coin 1.prefab
  artifactKey: Guid(97c8ab13cf7bdc148af0af790c4df9c4) Importer(815301076,1909f56bfc062723c751e8b465ee728b)
Start importing Assets/prefab/loot/coins/large coin 1.prefab using Guid(97c8ab13cf7bdc148af0af790c4df9c4) Importer(815301076,1909f56bfc062723c751e8b465ee728b)  -> (artifact id: '805cbb5339a204114b5c3f33f7bb6050') in 0.021052 seconds 
========================================================================
Received Import Request.
  Time since last request: 15.601782 seconds.
  path: Assets/prefab/loot/coins/legendary coin.prefab
  artifactKey: Guid(97c8ab13cf7bdc148af0af790c4df9c4) Importer(815301076,1909f56bfc062723c751e8b465ee728b)
Start importing Assets/prefab/loot/coins/legendary coin.prefab using Guid(97c8ab13cf7bdc148af0af790c4df9c4) Importer(815301076,1909f56bfc062723c751e8b465ee728b)  -> (artifact id: '9f234ee8088505c5edb3e3479e1cf02b') in 0.019079 seconds 
========================================================================
Received Prepare
Registering precompiled user dll's ...
Registered in 0.007879 seconds.
Begin MonoManager ReloadAssembly
Symbol file LoadedFromMemory doesn't match image C:\Users\harofax\Downloads\gamedev\unityprojects\Aquariox-MKX2000\Aquariox-MKX2000\Library\PackageCache\com.unity.visualscripting@1.7.5\Editor\VisualScripting.Core\Dependencies\YamlDotNet\Unity.VisualScripting.YamlDotNet.dll
Symbol file LoadedFromMemory doesn't match image C:\Users\harofax\Downloads\gamedev\unityprojects\Aquariox-MKX2000\Aquariox-MKX2000\Library\PackageCache\com.unity.visualscripting@1.7.5\Editor\VisualScripting.Core\Dependencies\DotNetZip\Unity.VisualScripting.IonicZip.dll
Native extension for WindowsStandalone target not found
Refreshing native plugins compatible for Editor in 0.80 ms, found 3 plugins.
Preloading 0 native plugins for Editor in 0.00 ms.
Mono: successfully reloaded assembly
- Completed reload, in  1.692 seconds
Domain Reload Profiling:
	ReloadAssembly (1693ms)
		BeginReloadAssembly (231ms)
			ExecutionOrderSort (0ms)
			DisableScriptedObjects (27ms)
			BackupInstance (0ms)
			ReleaseScriptingObjects (0ms)
			CreateAndSetChildDomain (65ms)
		EndReloadAssembly (1363ms)
			LoadAssemblies (91ms)
			RebuildTransferFunctionScriptingTraits (0ms)
			SetupTypeCache (322ms)
			ReleaseScriptCaches (5ms)
			RebuildScriptCaches (96ms)
			SetupLoadedEditorAssemblies (568ms)
				LogAssemblyErrors (0ms)
				InitializePlatformSupportModulesInManaged (10ms)
				SetLoadedEditorAssemblies (0ms)
				RefreshPlugins (1ms)
				BeforeProcessingInitializeOnLoad (109ms)
				ProcessInitializeOnLoadAttributes (409ms)
				ProcessInitializeOnLoadMethodAttributes (30ms)
				AfterProcessingInitializeOnLoad (9ms)
				EditorAssembliesLoaded (0ms)
			ExecutionOrderSort2 (0ms)
			AwakeInstancesAfterBackupRestoration (16ms)
Platform modules already initialized, skipping
Refreshing native plugins compatible for Editor in 0.78 ms, found 3 plugins.
Preloading 0 native plugins for Editor in 0.00 ms.
Unloading 5945 Unused Serialized files (Serialized files now loaded: 0)
Unloading 49 unused Assets / (3.7 MB). Loaded Objects now: 6848.
Memory consumption went from 305.0 MB to 301.3 MB.
Total: 3.975400 ms (FindLiveObjects: 0.624100 ms CreateObjectMapping: 0.387600 ms MarkObjects: 2.400900 ms  DeleteObjects: 0.561900 ms)

AssetImportParameters requested are different than current active one (requested -> active):
  custom:video-decoder-ogg-theora: a1e56fd34408186e4bbccfd4996cb3dc -> 
  custom:container-muxer-webm: aa71ff27fc2769a1b78a27578f13a17b -> 
  custom:container-demuxer-webm: 4f35f7cbe854078d1ac9338744f61a02 -> 
  custom:video-encoder-webm-vp8: eb34c28f22e8b96e1ab97ce403110664 -> 
  custom:audio-encoder-webm-vorbis: bf7c407c2cedff20999df2af8eb42d56 -> 
  custom:framework-win-MediaFoundation: 216162199b28c13a410421893ffa2e32 -> 
  custom:container-demuxer-ogg: 62fdf1f143b41e24485cea50d1cbac27 -> 
  custom:video-decoder-webm-vp8: 9c59270c3fd7afecdb556c50c9e8de78 -> 
  custom:audio-decoder-ogg-vorbis: bf7c407c2cedff20999df2af8eb42d56 -> 
========================================================================
Received Prepare
Registering precompiled user dll's ...
Registered in 0.010259 seconds.
Begin MonoManager ReloadAssembly
Symbol file LoadedFromMemory doesn't match image C:\Users\harofax\Downloads\gamedev\unityprojects\Aquariox-MKX2000\Aquariox-MKX2000\Library\PackageCache\com.unity.visualscripting@1.7.5\Editor\VisualScripting.Core\Dependencies\YamlDotNet\Unity.VisualScripting.YamlDotNet.dll
Symbol file LoadedFromMemory doesn't match image C:\Users\harofax\Downloads\gamedev\unityprojects\Aquariox-MKX2000\Aquariox-MKX2000\Library\PackageCache\com.unity.visualscripting@1.7.5\Editor\VisualScripting.Core\Dependencies\DotNetZip\Unity.VisualScripting.IonicZip.dll
Native extension for WindowsStandalone target not found
Refreshing native plugins compatible for Editor in 1.18 ms, found 3 plugins.
Preloading 0 native plugins for Editor in 0.00 ms.
Mono: successfully reloaded assembly
- Completed reload, in  1.602 seconds
Domain Reload Profiling:
	ReloadAssembly (1603ms)
		BeginReloadAssembly (148ms)
			ExecutionOrderSort (0ms)
			DisableScriptedObjects (6ms)
			BackupInstance (0ms)
			ReleaseScriptingObjects (0ms)
			CreateAndSetChildDomain (44ms)
		EndReloadAssembly (1358ms)
			LoadAssemblies (90ms)
			RebuildTransferFunctionScriptingTraits (0ms)
			SetupTypeCache (329ms)
			ReleaseScriptCaches (2ms)
			RebuildScriptCaches (96ms)
			SetupLoadedEditorAssemblies (554ms)
				LogAssemblyErrors (0ms)
				InitializePlatformSupportModulesInManaged (11ms)
				SetLoadedEditorAssemblies (1ms)
				RefreshPlugins (1ms)
				BeforeProcessingInitializeOnLoad (98ms)
				ProcessInitializeOnLoadAttributes (407ms)
				ProcessInitializeOnLoadMethodAttributes (29ms)
				AfterProcessingInitializeOnLoad (7ms)
				EditorAssembliesLoaded (0ms)
			ExecutionOrderSort2 (0ms)
			AwakeInstancesAfterBackupRestoration (9ms)
Platform modules already initialized, skipping
Refreshing native plugins compatible for Editor in 0.80 ms, found 3 plugins.
Preloading 0 native plugins for Editor in 0.00 ms.
Unloading 5958 Unused Serialized files (Serialized files now loaded: 0)
Unloading 47 unused Assets / (3.5 MB). Loaded Objects now: 6880.
Memory consumption went from 316.7 MB to 313.3 MB.
Total: 3.939100 ms (FindLiveObjects: 0.426900 ms CreateObjectMapping: 0.403200 ms MarkObjects: 2.610600 ms  DeleteObjects: 0.497000 ms)

AssetImportParameters requested are different than current active one (requested -> active):
  custom:video-decoder-ogg-theora: a1e56fd34408186e4bbccfd4996cb3dc -> 
  custom:container-muxer-webm: aa71ff27fc2769a1b78a27578f13a17b -> 
  custom:container-demuxer-webm: 4f35f7cbe854078d1ac9338744f61a02 -> 
  custom:video-encoder-webm-vp8: eb34c28f22e8b96e1ab97ce403110664 -> 
  custom:audio-encoder-webm-vorbis: bf7c407c2cedff20999df2af8eb42d56 -> 
  custom:framework-win-MediaFoundation: 216162199b28c13a410421893ffa2e32 -> 
  custom:container-demuxer-ogg: 62fdf1f143b41e24485cea50d1cbac27 -> 
  custom:video-decoder-webm-vp8: 9c59270c3fd7afecdb556c50c9e8de78 -> 
  custom:audio-decoder-ogg-vorbis: bf7c407c2cedff20999df2af8eb42d56 -> 
========================================================================
Received Prepare
Registering precompiled user dll's ...
Registered in 0.008320 seconds.
Begin MonoManager ReloadAssembly
Symbol file LoadedFromMemory doesn't match image C:\Users\harofax\Downloads\gamedev\unityprojects\Aquariox-MKX2000\Aquariox-MKX2000\Library\PackageCache\com.unity.visualscripting@1.7.5\Editor\VisualScripting.Core\Dependencies\YamlDotNet\Unity.VisualScripting.YamlDotNet.dll
Symbol file LoadedFromMemory doesn't match image C:\Users\harofax\Downloads\gamedev\unityprojects\Aquariox-MKX2000\Aquariox-MKX2000\Library\PackageCache\com.unity.visualscripting@1.7.5\Editor\VisualScripting.Core\Dependencies\DotNetZip\Unity.VisualScripting.IonicZip.dll
Native extension for WindowsStandalone target not found
Refreshing native plugins compatible for Editor in 0.96 ms, found 3 plugins.
Preloading 0 native plugins for Editor in 0.00 ms.
Mono: successfully reloaded assembly
- Completed reload, in  1.626 seconds
Domain Reload Profiling:
	ReloadAssembly (1627ms)
		BeginReloadAssembly (156ms)
			ExecutionOrderSort (0ms)
			DisableScriptedObjects (7ms)
			BackupInstance (0ms)
			ReleaseScriptingObjects (0ms)
			CreateAndSetChildDomain (50ms)
		EndReloadAssembly (1362ms)
			LoadAssemblies (96ms)
			RebuildTransferFunctionScriptingTraits (0ms)
			SetupTypeCache (341ms)
			ReleaseScriptCaches (2ms)
			RebuildScriptCaches (89ms)
			SetupLoadedEditorAssemblies (564ms)
				LogAssemblyErrors (0ms)
				InitializePlatformSupportModulesInManaged (13ms)
				SetLoadedEditorAssemblies (1ms)
				RefreshPlugins (1ms)
				BeforeProcessingInitializeOnLoad (112ms)
				ProcessInitializeOnLoadAttributes (404ms)
				ProcessInitializeOnLoadMethodAttributes (26ms)
				AfterProcessingInitializeOnLoad (7ms)
				EditorAssembliesLoaded (0ms)
			ExecutionOrderSort2 (0ms)
			AwakeInstancesAfterBackupRestoration (20ms)
Platform modules already initialized, skipping
Refreshing native plugins compatible for Editor in 1.26 ms, found 3 plugins.
Preloading 0 native plugins for Editor in 0.00 ms.
Unloading 5942 Unused Serialized files (Serialized files now loaded: 0)
Unloading 47 unused Assets / (3.5 MB). Loaded Objects now: 6883.
Memory consumption went from 315.9 MB to 312.4 MB.
Total: 6.905500 ms (FindLiveObjects: 0.618900 ms CreateObjectMapping: 0.790400 ms MarkObjects: 4.924400 ms  DeleteObjects: 0.570400 ms)

AssetImportParameters requested are different than current active one (requested -> active):
  custom:video-decoder-ogg-theora: a1e56fd34408186e4bbccfd4996cb3dc -> 
  custom:container-muxer-webm: aa71ff27fc2769a1b78a27578f13a17b -> 
  custom:container-demuxer-webm: 4f35f7cbe854078d1ac9338744f61a02 -> 
  custom:video-encoder-webm-vp8: eb34c28f22e8b96e1ab97ce403110664 -> 
  custom:audio-encoder-webm-vorbis: bf7c407c2cedff20999df2af8eb42d56 -> 
  custom:framework-win-MediaFoundation: 216162199b28c13a410421893ffa2e32 -> 
  custom:container-demuxer-ogg: 62fdf1f143b41e24485cea50d1cbac27 -> 
  custom:video-decoder-webm-vp8: 9c59270c3fd7afecdb556c50c9e8de78 -> 
  custom:audio-decoder-ogg-vorbis: bf7c407c2cedff20999df2af8eb42d56 -> 
========================================================================
Received Prepare
Registering precompiled user dll's ...
Registered in 0.010146 seconds.
Begin MonoManager ReloadAssembly
Symbol file LoadedFromMemory doesn't match image C:\Users\harofax\Downloads\gamedev\unityprojects\Aquariox-MKX2000\Aquariox-MKX2000\Library\PackageCache\com.unity.visualscripting@1.7.5\Editor\VisualScripting.Core\Dependencies\YamlDotNet\Unity.VisualScripting.YamlDotNet.dll
Symbol file LoadedFromMemory doesn't match image C:\Users\harofax\Downloads\gamedev\unityprojects\Aquariox-MKX2000\Aquariox-MKX2000\Library\PackageCache\com.unity.visualscripting@1.7.5\Editor\VisualScripting.Core\Dependencies\DotNetZip\Unity.VisualScripting.IonicZip.dll
Native extension for WindowsStandalone target not found
Refreshing native plugins compatible for Editor in 1.04 ms, found 3 plugins.
Preloading 0 native plugins for Editor in 0.00 ms.
Mono: successfully reloaded assembly
- Completed reload, in  1.628 seconds
Domain Reload Profiling:
	ReloadAssembly (1629ms)
		BeginReloadAssembly (145ms)
			ExecutionOrderSort (0ms)
			DisableScriptedObjects (7ms)
			BackupInstance (0ms)
			ReleaseScriptingObjects (0ms)
			CreateAndSetChildDomain (40ms)
		EndReloadAssembly (1386ms)
			LoadAssemblies (99ms)
			RebuildTransferFunctionScriptingTraits (0ms)
			SetupTypeCache (336ms)
			ReleaseScriptCaches (3ms)
			RebuildScriptCaches (100ms)
			SetupLoadedEditorAssemblies (585ms)
				LogAssemblyErrors (0ms)
				InitializePlatformSupportModulesInManaged (14ms)
				SetLoadedEditorAssemblies (1ms)
				RefreshPlugins (1ms)
				BeforeProcessingInitializeOnLoad (116ms)
				ProcessInitializeOnLoadAttributes (421ms)
				ProcessInitializeOnLoadMethodAttributes (26ms)
				AfterProcessingInitializeOnLoad (7ms)
				EditorAssembliesLoaded (0ms)
			ExecutionOrderSort2 (0ms)
			AwakeInstancesAfterBackupRestoration (18ms)
Platform modules already initialized, skipping
Refreshing native plugins compatible for Editor in 1.31 ms, found 3 plugins.
Preloading 0 native plugins for Editor in 0.00 ms.
Unloading 5942 Unused Serialized files (Serialized files now loaded: 0)
Unloading 47 unused Assets / (3.5 MB). Loaded Objects now: 6886.
Memory consumption went from 315.9 MB to 312.4 MB.
Total: 5.306200 ms (FindLiveObjects: 0.530900 ms CreateObjectMapping: 0.467800 ms MarkObjects: 3.080000 ms  DeleteObjects: 1.225600 ms)

AssetImportParameters requested are different than current active one (requested -> active):
  custom:video-decoder-ogg-theora: a1e56fd34408186e4bbccfd4996cb3dc -> 
  custom:container-muxer-webm: aa71ff27fc2769a1b78a27578f13a17b -> 
  custom:container-demuxer-webm: 4f35f7cbe854078d1ac9338744f61a02 -> 
  custom:video-encoder-webm-vp8: eb34c28f22e8b96e1ab97ce403110664 -> 
  custom:audio-encoder-webm-vorbis: bf7c407c2cedff20999df2af8eb42d56 -> 
  custom:framework-win-MediaFoundation: 216162199b28c13a410421893ffa2e32 -> 
  custom:container-demuxer-ogg: 62fdf1f143b41e24485cea50d1cbac27 -> 
  custom:video-decoder-webm-vp8: 9c59270c3fd7afecdb556c50c9e8de78 -> 
  custom:audio-decoder-ogg-vorbis: bf7c407c2cedff20999df2af8eb42d56 -> 
========================================================================
Received Prepare
Registering precompiled user dll's ...
Registered in 0.008280 seconds.
Begin MonoManager ReloadAssembly
Symbol file LoadedFromMemory doesn't match image C:\Users\harofax\Downloads\gamedev\unityprojects\Aquariox-MKX2000\Aquariox-MKX2000\Library\PackageCache\com.unity.visualscripting@1.7.5\Editor\VisualScripting.Core\Dependencies\YamlDotNet\Unity.VisualScripting.YamlDotNet.dll
Symbol file LoadedFromMemory doesn't match image C:\Users\harofax\Downloads\gamedev\unityprojects\Aquariox-MKX2000\Aquariox-MKX2000\Library\PackageCache\com.unity.visualscripting@1.7.5\Editor\VisualScripting.Core\Dependencies\DotNetZip\Unity.VisualScripting.IonicZip.dll
Native extension for WindowsStandalone target not found
Refreshing native plugins compatible for Editor in 0.82 ms, found 3 plugins.
Preloading 0 native plugins for Editor in 0.00 ms.
Mono: successfully reloaded assembly
- Completed reload, in  1.668 seconds
Domain Reload Profiling:
	ReloadAssembly (1668ms)
		BeginReloadAssembly (149ms)
			ExecutionOrderSort (0ms)
			DisableScriptedObjects (6ms)
			BackupInstance (0ms)
			ReleaseScriptingObjects (0ms)
			CreateAndSetChildDomain (47ms)
		EndReloadAssembly (1420ms)
			LoadAssemblies (103ms)
			RebuildTransferFunctionScriptingTraits (0ms)
			SetupTypeCache (372ms)
			ReleaseScriptCaches (2ms)
			RebuildScriptCaches (95ms)
			SetupLoadedEditorAssemblies (576ms)
				LogAssemblyErrors (0ms)
				InitializePlatformSupportModulesInManaged (11ms)
				SetLoadedEditorAssemblies (0ms)
				RefreshPlugins (1ms)
				BeforeProcessingInitializeOnLoad (125ms)
				ProcessInitializeOnLoadAttributes (400ms)
				ProcessInitializeOnLoadMethodAttributes (31ms)
				AfterProcessingInitializeOnLoad (8ms)
				EditorAssembliesLoaded (0ms)
			ExecutionOrderSort2 (0ms)
			AwakeInstancesAfterBackupRestoration (19ms)
Platform modules already initialized, skipping
Refreshing native plugins compatible for Editor in 0.78 ms, found 3 plugins.
Preloading 0 native plugins for Editor in 0.00 ms.
Unloading 5942 Unused Serialized files (Serialized files now loaded: 0)
Unloading 47 unused Assets / (3.5 MB). Loaded Objects now: 6889.
Memory consumption went from 315.9 MB to 312.5 MB.
Total: 4.289100 ms (FindLiveObjects: 0.425100 ms CreateObjectMapping: 0.385900 ms MarkObjects: 2.902100 ms  DeleteObjects: 0.575000 ms)

AssetImportParameters requested are different than current active one (requested -> active):
  custom:video-decoder-ogg-theora: a1e56fd34408186e4bbccfd4996cb3dc -> 
  custom:container-muxer-webm: aa71ff27fc2769a1b78a27578f13a17b -> 
  custom:container-demuxer-webm: 4f35f7cbe854078d1ac9338744f61a02 -> 
  custom:video-encoder-webm-vp8: eb34c28f22e8b96e1ab97ce403110664 -> 
  custom:audio-encoder-webm-vorbis: bf7c407c2cedff20999df2af8eb42d56 -> 
  custom:framework-win-MediaFoundation: 216162199b28c13a410421893ffa2e32 -> 
  custom:container-demuxer-ogg: 62fdf1f143b41e24485cea50d1cbac27 -> 
  custom:video-decoder-webm-vp8: 9c59270c3fd7afecdb556c50c9e8de78 -> 
  custom:audio-decoder-ogg-vorbis: bf7c407c2cedff20999df2af8eb42d56 -> 
========================================================================
Received Prepare
Registering precompiled user dll's ...
Registered in 0.008263 seconds.
Begin MonoManager ReloadAssembly
Symbol file LoadedFromMemory doesn't match image C:\Users\harofax\Downloads\gamedev\unityprojects\Aquariox-MKX2000\Aquariox-MKX2000\Library\PackageCache\com.unity.visualscripting@1.7.5\Editor\VisualScripting.Core\Dependencies\YamlDotNet\Unity.VisualScripting.YamlDotNet.dll
Symbol file LoadedFromMemory doesn't match image C:\Users\harofax\Downloads\gamedev\unityprojects\Aquariox-MKX2000\Aquariox-MKX2000\Library\PackageCache\com.unity.visualscripting@1.7.5\Editor\VisualScripting.Core\Dependencies\DotNetZip\Unity.VisualScripting.IonicZip.dll
Native extension for WindowsStandalone target not found
Refreshing native plugins compatible for Editor in 0.77 ms, found 3 plugins.
Preloading 0 native plugins for Editor in 0.00 ms.
Mono: successfully reloaded assembly
- Completed reload, in  1.687 seconds
Domain Reload Profiling:
	ReloadAssembly (1687ms)
		BeginReloadAssembly (160ms)
			ExecutionOrderSort (0ms)
			DisableScriptedObjects (6ms)
			BackupInstance (0ms)
			ReleaseScriptingObjects (0ms)
			CreateAndSetChildDomain (52ms)
		EndReloadAssembly (1410ms)
			LoadAssemblies (108ms)
			RebuildTransferFunctionScriptingTraits (0ms)
			SetupTypeCache (381ms)
			ReleaseScriptCaches (2ms)
			RebuildScriptCaches (88ms)
			SetupLoadedEditorAssemblies (564ms)
				LogAssemblyErrors (0ms)
				InitializePlatformSupportModulesInManaged (13ms)
				SetLoadedEditorAssemblies (0ms)
				RefreshPlugins (1ms)
				BeforeProcessingInitializeOnLoad (111ms)
				ProcessInitializeOnLoadAttributes (402ms)
				ProcessInitializeOnLoadMethodAttributes (28ms)
				AfterProcessingInitializeOnLoad (8ms)
				EditorAssembliesLoaded (0ms)
			ExecutionOrderSort2 (0ms)
			AwakeInstancesAfterBackupRestoration (22ms)
Platform modules already initialized, skipping
Refreshing native plugins compatible for Editor in 0.88 ms, found 3 plugins.
Preloading 0 native plugins for Editor in 0.00 ms.
Unloading 5942 Unused Serialized files (Serialized files now loaded: 0)
Unloading 47 unused Assets / (3.5 MB). Loaded Objects now: 6892.
Memory consumption went from 315.9 MB to 312.5 MB.
Total: 3.683200 ms (FindLiveObjects: 0.445500 ms CreateObjectMapping: 0.410900 ms MarkObjects: 2.391000 ms  DeleteObjects: 0.435000 ms)

AssetImportParameters requested are different than current active one (requested -> active):
  custom:video-decoder-ogg-theora: a1e56fd34408186e4bbccfd4996cb3dc -> 
  custom:container-muxer-webm: aa71ff27fc2769a1b78a27578f13a17b -> 
  custom:container-demuxer-webm: 4f35f7cbe854078d1ac9338744f61a02 -> 
  custom:video-encoder-webm-vp8: eb34c28f22e8b96e1ab97ce403110664 -> 
  custom:audio-encoder-webm-vorbis: bf7c407c2cedff20999df2af8eb42d56 -> 
  custom:framework-win-MediaFoundation: 216162199b28c13a410421893ffa2e32 -> 
  custom:container-demuxer-ogg: 62fdf1f143b41e24485cea50d1cbac27 -> 
  custom:video-decoder-webm-vp8: 9c59270c3fd7afecdb556c50c9e8de78 -> 
  custom:audio-decoder-ogg-vorbis: bf7c407c2cedff20999df2af8eb42d56 -> 
========================================================================
Received Import Request.
  Time since last request: 6561.078227 seconds.
  path: Assets/scripts/CoinPool.cs
  artifactKey: Guid(eef756bb8bc950a439d8ee8131f97d8a) Importer(815301076,1909f56bfc062723c751e8b465ee728b)
Start importing Assets/scripts/CoinPool.cs using Guid(eef756bb8bc950a439d8ee8131f97d8a) Importer(815301076,1909f56bfc062723c751e8b465ee728b)  -> (artifact id: 'a5a36e862c6c9d23f6d9182da1bd9ac2') in 0.069818 seconds 
========================================================================
Received Import Request.
  Time since last request: 9.682887 seconds.
  path: Assets/scripts/LootPool.cs
  artifactKey: Guid(d0da77541b4d69e4eb37e8e75cf67a94) Importer(815301076,1909f56bfc062723c751e8b465ee728b)
Start importing Assets/scripts/LootPool.cs using Guid(d0da77541b4d69e4eb37e8e75cf67a94) Importer(815301076,1909f56bfc062723c751e8b465ee728b)  -> (artifact id: '1cb4f0c9ffa753d67da8fa11da5ed67b') in 0.007229 seconds 
========================================================================
Received Import Request.
  Time since last request: 103.603526 seconds.
  path: Assets/scripts/LootPool.cs
  artifactKey: Guid(d0da77541b4d69e4eb37e8e75cf67a94) Importer(815301076,1909f56bfc062723c751e8b465ee728b)
Start importing Assets/scripts/LootPool.cs using Guid(d0da77541b4d69e4eb37e8e75cf67a94) Importer(815301076,1909f56bfc062723c751e8b465ee728b)  -> (artifact id: '454e4f69e34b6bdeb203cf3dda5f0719') in 0.004951 seconds 
========================================================================
Received Import Request.
  Time since last request: 21.183460 seconds.
  path: Assets/scripts/LootPool.cs
  artifactKey: Guid(d0da77541b4d69e4eb37e8e75cf67a94) Importer(815301076,1909f56bfc062723c751e8b465ee728b)
Start importing Assets/scripts/LootPool.cs using Guid(d0da77541b4d69e4eb37e8e75cf67a94) Importer(815301076,1909f56bfc062723c751e8b465ee728b)  -> (artifact id: 'b02d287079f6f5ae12d814c7585ee5e9') in 0.005636 seconds 
========================================================================
Received Import Request.
  Time since last request: 85.143373 seconds.
  path: Assets/scripts/LootPool.cs
  artifactKey: Guid(d0da77541b4d69e4eb37e8e75cf67a94) Importer(815301076,1909f56bfc062723c751e8b465ee728b)
Start importing Assets/scripts/LootPool.cs using Guid(d0da77541b4d69e4eb37e8e75cf67a94) Importer(815301076,1909f56bfc062723c751e8b465ee728b)  -> (artifact id: 'f03029f921742541c58c956dcfd16719') in 0.005584 seconds 
========================================================================
Received Import Request.
  Time since last request: 1758.971192 seconds.
  path: Assets/data/loot/LootData.cs
  artifactKey: Guid(1d51bbe199bf5af4898a67108fbb3fde) Importer(815301076,1909f56bfc062723c751e8b465ee728b)
Start importing Assets/data/loot/LootData.cs using Guid(1d51bbe199bf5af4898a67108fbb3fde) Importer(815301076,1909f56bfc062723c751e8b465ee728b)  -> (artifact id: '1b11c2b8299666086c3255c7187512c2') in 0.007275 seconds 
========================================================================
Received Import Request.
  Time since last request: 14.199782 seconds.
  path: Assets/data/loot/LootData.cs
  artifactKey: Guid(1d51bbe199bf5af4898a67108fbb3fde) Importer(815301076,1909f56bfc062723c751e8b465ee728b)
Start importing Assets/data/loot/LootData.cs using Guid(1d51bbe199bf5af4898a67108fbb3fde) Importer(815301076,1909f56bfc062723c751e8b465ee728b)  -> (artifact id: '88869886e7ed4ea44b6101251491e881') in 0.002215 seconds 
========================================================================
Received Import Request.
  Time since last request: 98.065535 seconds.
  path: Assets/data/fish/stats/FishData.cs
  artifactKey: Guid(f20bfe0267a0c4941bf54aa5dc4417a8) Importer(815301076,1909f56bfc062723c751e8b465ee728b)
Start importing Assets/data/fish/stats/FishData.cs using Guid(f20bfe0267a0c4941bf54aa5dc4417a8) Importer(815301076,1909f56bfc062723c751e8b465ee728b)  -> (artifact id: 'f2e328f383b648416edc040defe44fc7') in 0.006532 seconds 
========================================================================
Received Prepare
Registering precompiled user dll's ...
Registered in 0.009540 seconds.
Begin MonoManager ReloadAssembly
Symbol file LoadedFromMemory doesn't match image C:\Users\harofax\Downloads\gamedev\unityprojects\Aquariox-MKX2000\Aquariox-MKX2000\Library\PackageCache\com.unity.visualscripting@1.7.5\Editor\VisualScripting.Core\Dependencies\YamlDotNet\Unity.VisualScripting.YamlDotNet.dll
Symbol file LoadedFromMemory doesn't match image C:\Users\harofax\Downloads\gamedev\unityprojects\Aquariox-MKX2000\Aquariox-MKX2000\Library\PackageCache\com.unity.visualscripting@1.7.5\Editor\VisualScripting.Core\Dependencies\DotNetZip\Unity.VisualScripting.IonicZip.dll
Native extension for WindowsStandalone target not found
Refreshing native plugins compatible for Editor in 0.83 ms, found 3 plugins.
Preloading 0 native plugins for Editor in 0.00 ms.
Mono: successfully reloaded assembly
- Completed reload, in  1.874 seconds
Domain Reload Profiling:
	ReloadAssembly (1876ms)
		BeginReloadAssembly (271ms)
			ExecutionOrderSort (0ms)
			DisableScriptedObjects (17ms)
			BackupInstance (0ms)
			ReleaseScriptingObjects (0ms)
			CreateAndSetChildDomain (116ms)
		EndReloadAssembly (1504ms)
			LoadAssemblies (117ms)
			RebuildTransferFunctionScriptingTraits (0ms)
			SetupTypeCache (313ms)
			ReleaseScriptCaches (3ms)
			RebuildScriptCaches (66ms)
			SetupLoadedEditorAssemblies (571ms)
				LogAssemblyErrors (0ms)
				InitializePlatformSupportModulesInManaged (11ms)
				SetLoadedEditorAssemblies (1ms)
				RefreshPlugins (1ms)
				BeforeProcessingInitializeOnLoad (100ms)
				ProcessInitializeOnLoadAttributes (422ms)
				ProcessInitializeOnLoadMethodAttributes (28ms)
				AfterProcessingInitializeOnLoad (8ms)
				EditorAssembliesLoaded (0ms)
			ExecutionOrderSort2 (0ms)
			AwakeInstancesAfterBackupRestoration (26ms)
Platform modules already initialized, skipping
Refreshing native plugins compatible for Editor in 0.84 ms, found 3 plugins.
Preloading 0 native plugins for Editor in 0.00 ms.
Unloading 5943 Unused Serialized files (Serialized files now loaded: 0)
Unloading 47 unused Assets / (3.5 MB). Loaded Objects now: 6896.
Memory consumption went from 316.0 MB to 312.5 MB.
Total: 5.013200 ms (FindLiveObjects: 0.536000 ms CreateObjectMapping: 0.475900 ms MarkObjects: 3.164500 ms  DeleteObjects: 0.835800 ms)

AssetImportParameters requested are different than current active one (requested -> active):
  custom:video-decoder-ogg-theora: a1e56fd34408186e4bbccfd4996cb3dc -> 
  custom:container-muxer-webm: aa71ff27fc2769a1b78a27578f13a17b -> 
  custom:container-demuxer-webm: 4f35f7cbe854078d1ac9338744f61a02 -> 
  custom:video-encoder-webm-vp8: eb34c28f22e8b96e1ab97ce403110664 -> 
  custom:audio-encoder-webm-vorbis: bf7c407c2cedff20999df2af8eb42d56 -> 
  custom:framework-win-MediaFoundation: 216162199b28c13a410421893ffa2e32 -> 
  custom:container-demuxer-ogg: 62fdf1f143b41e24485cea50d1cbac27 -> 
  custom:video-decoder-webm-vp8: 9c59270c3fd7afecdb556c50c9e8de78 -> 
  custom:audio-decoder-ogg-vorbis: bf7c407c2cedff20999df2af8eb42d56 -> 
========================================================================
Received Import Request.
  Time since last request: 295.994257 seconds.
  path: Assets/data/fish/behaviour/FlockGroupingBehaviour.cs
  artifactKey: Guid(7a8192174faaa3741a6145bc521474bb) Importer(815301076,1909f56bfc062723c751e8b465ee728b)
Start importing Assets/data/fish/behaviour/FlockGroupingBehaviour.cs using Guid(7a8192174faaa3741a6145bc521474bb) Importer(815301076,1909f56bfc062723c751e8b465ee728b)  -> (artifact id: '55d5c8abf1960aefe9e2136b90234374') in 0.011765 seconds 
========================================================================
Received Import Request.
  Time since last request: 114.469236 seconds.
  path: Assets/data/loot/drop tables/goldfish drops/common.asset
  artifactKey: Guid(bd44d48f6aa69d14b844ba5a23c5b58b) Importer(815301076,1909f56bfc062723c751e8b465ee728b)
Start importing Assets/data/loot/drop tables/goldfish drops/common.asset using Guid(bd44d48f6aa69d14b844ba5a23c5b58b) Importer(815301076,1909f56bfc062723c751e8b465ee728b)  -> (artifact id: '18243e5fa2098fb7bf82e10061a7b63d') in 0.036073 seconds 
========================================================================
Received Import Request.
  Time since last request: 17.825840 seconds.
  path: Assets/data/loot/drop tables/goldfish drops/epic.asset
  artifactKey: Guid(69de12b74e5667348ad85911c8c4efea) Importer(815301076,1909f56bfc062723c751e8b465ee728b)
Start importing Assets/data/loot/drop tables/goldfish drops/epic.asset using Guid(69de12b74e5667348ad85911c8c4efea) Importer(815301076,1909f56bfc062723c751e8b465ee728b)  -> (artifact id: '6137605e73d5ae09cdc8d3ba3dc5945d') in 0.020018 seconds 
========================================================================
Received Import Request.
  Time since last request: 2.173417 seconds.
  path: Assets/data/loot/drop tables/goldfish drops/legendary.asset
  artifactKey: Guid(3960b4cef92a16d458d9330cbd936951) Importer(815301076,1909f56bfc062723c751e8b465ee728b)
Start importing Assets/data/loot/drop tables/goldfish drops/legendary.asset using Guid(3960b4cef92a16d458d9330cbd936951) Importer(815301076,1909f56bfc062723c751e8b465ee728b)  -> (artifact id: '8726b8ed66654a93d70d2aa5a77dfe85') in 0.011943 seconds 
========================================================================
Received Import Request.
  Time since last request: 2.696872 seconds.
  path: Assets/data/loot/drop tables/goldfish drops/rare.asset
  artifactKey: Guid(c751154b03f829942856953a3e1950e1) Importer(815301076,1909f56bfc062723c751e8b465ee728b)
Start importing Assets/data/loot/drop tables/goldfish drops/rare.asset using Guid(c751154b03f829942856953a3e1950e1) Importer(815301076,1909f56bfc062723c751e8b465ee728b)  -> (artifact id: 'ce375ecb61c61f830cef43265e50de92') in 0.007510 seconds 
========================================================================
Received Import Request.
  Time since last request: 2.911289 seconds.
  path: Assets/data/loot/drop tables/mullet drops/legendary.asset
  artifactKey: Guid(b3c300d0d0d8f98459266db4f4d427fc) Importer(815301076,1909f56bfc062723c751e8b465ee728b)
Start importing Assets/data/loot/drop tables/mullet drops/legendary.asset using Guid(b3c300d0d0d8f98459266db4f4d427fc) Importer(815301076,1909f56bfc062723c751e8b465ee728b)  -> (artifact id: '54a312b938ee8f6ce95cc52e8424879b') in 0.006200 seconds 
========================================================================
Received Import Request.
  Time since last request: 1.445794 seconds.
  path: Assets/data/loot/drop tables/mullet drops/rare.asset
  artifactKey: Guid(7276f00e71c122c43b23a2e162e18723) Importer(815301076,1909f56bfc062723c751e8b465ee728b)
Start importing Assets/data/loot/drop tables/mullet drops/rare.asset using Guid(7276f00e71c122c43b23a2e162e18723) Importer(815301076,1909f56bfc062723c751e8b465ee728b)  -> (artifact id: 'ea909f98adbf17cce78ac6257a89367e') in 0.005492 seconds 
========================================================================
Received Import Request.
  Time since last request: 1.483898 seconds.
  path: Assets/data/loot/drop tables/mullet drops/epic.asset
  artifactKey: Guid(2de3e4cbb7b89b842bc1764011f7cf54) Importer(815301076,1909f56bfc062723c751e8b465ee728b)
Start importing Assets/data/loot/drop tables/mullet drops/epic.asset using Guid(2de3e4cbb7b89b842bc1764011f7cf54) Importer(815301076,1909f56bfc062723c751e8b465ee728b)  -> (artifact id: 'bdd7b23c4acd3ce54630d6ab0d7f01f6') in 0.005823 seconds 
========================================================================
Received Import Request.
  Time since last request: 0.570484 seconds.
  path: Assets/data/loot/drop tables/mullet drops/common.asset
  artifactKey: Guid(bc06c0ddbe5e43b44bfea4b0553193b2) Importer(815301076,1909f56bfc062723c751e8b465ee728b)
Start importing Assets/data/loot/drop tables/mullet drops/common.asset using Guid(bc06c0ddbe5e43b44bfea4b0553193b2) Importer(815301076,1909f56bfc062723c751e8b465ee728b)  -> (artifact id: '6c0be5a4dee5e6250353ea46b2376235') in 0.009812 seconds 
========================================================================
Received Import Request.
  Time since last request: 13.117883 seconds.
  path: Assets/data/loot/food/pill.asset
  artifactKey: Guid(393a083743d8dc847bd024fb2e2c7c31) Importer(815301076,1909f56bfc062723c751e8b465ee728b)
Start importing Assets/data/loot/food/pill.asset using Guid(393a083743d8dc847bd024fb2e2c7c31) Importer(815301076,1909f56bfc062723c751e8b465ee728b)  -> (artifact id: '8e400a5d66585149f00201c518a1aec3') in 0.007524 seconds 
========================================================================
Received Import Request.
  Time since last request: 13.373592 seconds.
  path: Assets/data/loot/drop tables/perch drops/rare.asset
  artifactKey: Guid(2cf3ad6cd8c162c49ae8d193349ceee2) Importer(815301076,1909f56bfc062723c751e8b465ee728b)
Start importing Assets/data/loot/drop tables/perch drops/rare.asset using Guid(2cf3ad6cd8c162c49ae8d193349ceee2) Importer(815301076,1909f56bfc062723c751e8b465ee728b)  -> (artifact id: 'e635996cd9a9579b0bbb7ed565c41a4d') in 0.005564 seconds 
========================================================================
Received Import Request.
  Time since last request: 15.780641 seconds.
  path: Assets/data/loot/food/FoodData.cs
  artifactKey: Guid(cdde1f9d272c18249b6b53c967ab1a18) Importer(815301076,1909f56bfc062723c751e8b465ee728b)
Start importing Assets/data/loot/food/FoodData.cs using Guid(cdde1f9d272c18249b6b53c967ab1a18) Importer(815301076,1909f56bfc062723c751e8b465ee728b)  -> (artifact id: 'bb9395f6993ccb7a49d1951974eb68ca') in 0.006449 seconds 
========================================================================
Received Import Request.
  Time since last request: 23.032739 seconds.
  path: Assets/data/loot/babies
  artifactKey: Guid(873d4cb33f77b85459ee6687d22f2edc) Importer(815301076,1909f56bfc062723c751e8b465ee728b)
Start importing Assets/data/loot/babies using Guid(873d4cb33f77b85459ee6687d22f2edc) Importer(815301076,1909f56bfc062723c751e8b465ee728b)  -> (artifact id: '39566ffccc1e4cc2d97290666197e6ca') in 0.006667 seconds 
========================================================================
Received Import Request.
  Time since last request: 30.215492 seconds.
  path: Assets/data/loot/DropTable.cs
  artifactKey: Guid(ddbac6777844e4244913618e2f6f2407) Importer(815301076,1909f56bfc062723c751e8b465ee728b)
Start importing Assets/data/loot/DropTable.cs using Guid(ddbac6777844e4244913618e2f6f2407) Importer(815301076,1909f56bfc062723c751e8b465ee728b)  -> (artifact id: '22590e4b4050082b274d6e6aeece96d0') in 0.006845 seconds 
